"2021-01-23 00:00:30,641 INFO  [main] : Starting CardControllerTest using Java 15.0.1 on LAPTOP-2R652NNJ with PID 7892 (started by vinee in C:\Vineet\workspace\CardRepo)
""2021-01-23 00:00:30,654 INFO  [main] : No active profile set, falling back to default profiles: default
""2021-01-23 00:00:32,640 INFO  [main] : Started CardControllerTest in 2.53 seconds (JVM running for 3.854)
""2021-01-23 00:00:50,250 INFO  [main] : Starting CardControllerTest using Java 15.0.1 on LAPTOP-2R652NNJ with PID 6564 (started by vinee in C:\Vineet\workspace\CardRepo)
""2021-01-23 00:00:50,254 INFO  [main] : No active profile set, falling back to default profiles: default
""2021-01-23 00:00:51,800 INFO  [main] : Started CardControllerTest in 1.971 seconds (JVM running for 2.889)
""2021-01-23 00:01:35,413 INFO  [main] : Starting CardControllerTest using Java 15.0.1 on LAPTOP-2R652NNJ with PID 20556 (started by vinee in C:\Vineet\workspace\CardRepo)
""2021-01-23 00:01:35,416 INFO  [main] : No active profile set, falling back to default profiles: default
""2021-01-23 00:01:36,879 INFO  [main] : Started CardControllerTest in 1.858 seconds (JVM running for 2.729)
""2021-01-23 00:01:58,386 INFO  [main] : Starting CardControllerTest using Java 15.0.1 on LAPTOP-2R652NNJ with PID 17268 (started by vinee in C:\Vineet\workspace\CardRepo)
""2021-01-23 00:01:58,389 INFO  [main] : No active profile set, falling back to default profiles: default
""2021-01-23 00:01:59,870 INFO  [main] : Started CardControllerTest in 1.873 seconds (JVM running for 2.734)
""2021-01-23 00:03:14,732 INFO  [main] : Starting CardControllerTest using Java 15.0.1 on LAPTOP-2R652NNJ with PID 14444 (started by vinee in C:\Vineet\workspace\CardRepo)
""2021-01-23 00:03:14,735 INFO  [main] : No active profile set, falling back to default profiles: default
""2021-01-23 00:03:16,256 INFO  [main] : Started CardControllerTest in 1.893 seconds (JVM running for 2.783)
""2021-01-23 00:04:02,077 INFO  [main] : Starting CardControllerTest using Java 15.0.1 on LAPTOP-2R652NNJ with PID 9504 (started by vinee in C:\Vineet\workspace\CardRepo)
""2021-01-23 00:04:02,080 INFO  [main] : No active profile set, falling back to default profiles: default
""2021-01-23 00:04:04,089 INFO  [main] : Started CardControllerTest in 2.546 seconds (JVM running for 3.797)
""2021-01-23 00:04:17,727 INFO  [main] : Starting CardControllerTest using Java 15.0.1 on LAPTOP-2R652NNJ with PID 22060 (started by vinee in C:\Vineet\workspace\CardRepo)
""2021-01-23 00:04:17,731 INFO  [main] : No active profile set, falling back to default profiles: default
""2021-01-23 00:04:20,080 INFO  [main] : Started CardControllerTest in 2.991 seconds (JVM running for 4.341)
""2021-01-23 00:07:34,862 INFO  [main] : Starting CardControllerTest using Java 15.0.1 on LAPTOP-2R652NNJ with PID 19248 (started by vinee in C:\Vineet\workspace\CardRepo)
""2021-01-23 00:07:34,865 INFO  [main] : No active profile set, falling back to default profiles: default
""2021-01-23 00:07:36,883 INFO  [main] : Started CardControllerTest in 2.548 seconds (JVM running for 3.801)
""2021-01-23 00:21:22,005 INFO  [main] : Starting CardControllerTest using Java 15.0.1 on LAPTOP-2R652NNJ with PID 10932 (started by vinee in C:\Vineet\workspace\CardRepo)
""2021-01-23 00:21:22,008 INFO  [main] : No active profile set, falling back to default profiles: default
""2021-01-23 00:21:23,661 INFO  [main] : Started CardControllerTest in 2.049 seconds (JVM running for 2.909)
""2021-01-23 00:21:39,561 INFO  [main] : Starting CardControllerTest using Java 15.0.1 on LAPTOP-2R652NNJ with PID 18792 (started by vinee in C:\Vineet\workspace\CardRepo)
""2021-01-23 00:21:39,564 INFO  [main] : No active profile set, falling back to default profiles: default
""2021-01-23 00:21:41,529 INFO  [main] : Started CardControllerTest in 2.493 seconds (JVM running for 3.713)
""2021-01-23 00:23:41,025 INFO  [main] : Starting CardControllerTest using Java 15.0.1 on LAPTOP-2R652NNJ with PID 21432 (started by vinee in C:\Vineet\workspace\CardRepo)
""2021-01-23 00:23:41,028 INFO  [main] : No active profile set, falling back to default profiles: default
""2021-01-23 00:23:43,070 INFO  [main] : Started CardControllerTest in 2.562 seconds (JVM running for 3.813)
""2021-01-23 00:24:58,284 INFO  [main] : Starting CardApplication using Java 15.0.1 on LAPTOP-2R652NNJ with PID 14624 (C:\Vineet\workspace\CardRepo\target\classes started by vinee in C:\Vineet\workspace\CardRepo)
""2021-01-23 00:24:58,286 INFO  [main] : No active profile set, falling back to default profiles: default
""2021-01-23 00:25:01,015 INFO  [main] : Started CardApplication in 3.034 seconds (JVM running for 3.607)
""2021-01-23 00:25:12,437 INFO  [http-nio-8080-exec-2] : Add Card Request::CardDetailRequest(name=Vssssssssssssssssssssssssssssssssssssssss, cardNumber=1111222233334444, limitAmt=-100.00, userId=testId)
""2021-01-23 00:25:12,438 INFO  [http-nio-8080-exec-2] : Total sum Value::60
""2021-01-23 00:25:12,583 INFO  [http-nio-8080-exec-2] : Card Details added successfully
""2021-01-23 00:25:20,463 INFO  [http-nio-8080-exec-3] : Add Card Request::CardDetailRequest(name=Vssssssssssssssssssssssssssssssssssssssss, cardNumber=1111222233334444, limitAmt=-100.00, userId=testId)
""2021-01-23 00:25:20,464 INFO  [http-nio-8080-exec-3] : Total sum Value::60
""2021-01-23 00:25:20,468 ERROR [http-nio-8080-exec-3] : Card already exists in DB
""2021-01-23 00:25:30,621 INFO  [http-nio-8080-exec-5] : Inside getAll service call
""2021-01-23 00:25:35,717 INFO  [http-nio-8080-exec-6] : Inside getAll service call
""2021-01-23 00:26:55,579 INFO  [main] : Starting CardControllerTest using Java 15.0.1 on LAPTOP-2R652NNJ with PID 16548 (started by vinee in C:\Vineet\workspace\CardRepo)
""2021-01-23 00:26:55,581 INFO  [main] : No active profile set, falling back to default profiles: default
""2021-01-23 00:26:57,573 INFO  [main] : Started CardControllerTest in 2.506 seconds (JVM running for 3.642)
""2021-01-23 00:30:12,836 INFO  [main] : Starting CardControllerTest using Java 15.0.1 on LAPTOP-2R652NNJ with PID 17388 (started by vinee in C:\Vineet\workspace\CardRepo)
""2021-01-23 00:30:12,839 INFO  [main] : No active profile set, falling back to default profiles: default
""2021-01-23 00:30:17,117 INFO  [main] : Started CardControllerTest in 4.659 seconds (JVM running for 6.034)
""2021-01-23 00:30:30,998 INFO  [main] : Inside getAll service call
""2021-01-23 00:44:42,979 INFO  [main] : Starting CardApplication using Java 15.0.1 on LAPTOP-2R652NNJ with PID 2060 (C:\Vineet\workspace\CardRepo\target\classes started by vinee in C:\Vineet\workspace\CardRepo)
""2021-01-23 00:44:42,981 INFO  [main] : No active profile set, falling back to default profiles: default
""2021-01-23 00:44:45,370 INFO  [main] : Started CardApplication in 2.657 seconds (JVM running for 3.231)
""2021-01-23 00:45:51,603 INFO  [http-nio-8080-exec-10] : Inside getAll service call
""2021-01-23 00:48:25,219 INFO  [main] : Starting CardApplicationTest using Java 15.0.1 on LAPTOP-2R652NNJ with PID 7452 (started by vinee in C:\Vineet\workspace\CardRepo)
""2021-01-23 00:48:25,222 INFO  [main] : No active profile set, falling back to default profiles: default
""2021-01-23 00:48:28,762 INFO  [main] : Started CardApplicationTest in 3.817 seconds (JVM running for 4.85)
""2021-01-23 00:48:29,078 INFO  [main] : Starting CardDetailsRepositoryTest using Java 15.0.1 on LAPTOP-2R652NNJ with PID 7452 (started by vinee in C:\Vineet\workspace\CardRepo)
""2021-01-23 00:48:29,079 INFO  [main] : No active profile set, falling back to default profiles: default
""2021-01-23 00:48:29,394 INFO  [main] : Started CardDetailsRepositoryTest in 0.348 seconds (JVM running for 5.482)
""2021-01-23 00:48:29,632 INFO  [main] : Starting CardControllerTest using Java 15.0.1 on LAPTOP-2R652NNJ with PID 7452 (started by vinee in C:\Vineet\workspace\CardRepo)
""2021-01-23 00:48:29,632 INFO  [main] : No active profile set, falling back to default profiles: default
""2021-01-23 00:48:30,346 INFO  [main] : Started CardControllerTest in 0.737 seconds (JVM running for 6.434)
""2021-01-23 00:48:30,388 INFO  [main] : Inside getAll service call
""2021-01-23 00:48:30,512 INFO  [main] : Total sum Value::60
""2021-01-23 00:48:30,514 INFO  [main] : Total sum Value::27
""2021-01-23 00:48:30,545 INFO  [main] : Starting CreditCardServiceTest using Java 15.0.1 on LAPTOP-2R652NNJ with PID 7452 (started by vinee in C:\Vineet\workspace\CardRepo)
""2021-01-23 00:48:30,546 INFO  [main] : No active profile set, falling back to default profiles: default
""2021-01-23 00:48:30,807 INFO  [main] : Started CreditCardServiceTest in 0.276 seconds (JVM running for 6.896)
""2021-01-23 00:48:30,814 ERROR [main] : Unable to fetch data
""2021-01-23 00:48:30,819 INFO  [main] : Total sum Value::60
""2021-01-23 00:48:30,820 INFO  [main] : Card Details added successfully
""2021-01-23 00:48:30,824 INFO  [main] : Total sum Value::36
""2021-01-23 00:48:30,824 ERROR [main] : Invalid input::Invalid card
""2021-01-23 00:55:54,263 INFO  [main] : Starting CardApplicationTest using Java 15.0.1 on LAPTOP-2R652NNJ with PID 3356 (started by vinee in C:\Vineet\workspace\CardRepo)
""2021-01-23 00:55:54,266 INFO  [main] : No active profile set, falling back to default profiles: default
""2021-01-23 00:55:57,893 INFO  [main] : Started CardApplicationTest in 3.924 seconds (JVM running for 4.989)
""2021-01-23 00:55:58,161 INFO  [main] : Starting CardDetailsRepositoryTest using Java 15.0.1 on LAPTOP-2R652NNJ with PID 3356 (started by vinee in C:\Vineet\workspace\CardRepo)
""2021-01-23 00:55:58,163 INFO  [main] : No active profile set, falling back to default profiles: default
""2021-01-23 00:55:58,539 INFO  [main] : Started CardDetailsRepositoryTest in 0.41 seconds (JVM running for 5.635)
""2021-01-23 00:55:58,819 INFO  [main] : Starting CardControllerTest using Java 15.0.1 on LAPTOP-2R652NNJ with PID 3356 (started by vinee in C:\Vineet\workspace\CardRepo)
""2021-01-23 00:55:58,820 INFO  [main] : No active profile set, falling back to default profiles: default
""2021-01-23 00:55:59,677 INFO  [main] : Started CardControllerTest in 0.879 seconds (JVM running for 6.774)
""2021-01-23 00:55:59,717 INFO  [main] : Inside getAll service call
""2021-01-23 00:55:59,834 INFO  [main] : Total sum Value::60
""2021-01-23 00:55:59,836 INFO  [main] : Total sum Value::27
""2021-01-23 00:55:59,868 INFO  [main] : Starting CreditCardServiceTest using Java 15.0.1 on LAPTOP-2R652NNJ with PID 3356 (started by vinee in C:\Vineet\workspace\CardRepo)
""2021-01-23 00:55:59,869 INFO  [main] : No active profile set, falling back to default profiles: default
""2021-01-23 00:56:00,227 INFO  [main] : Started CreditCardServiceTest in 0.375 seconds (JVM running for 7.323)
""2021-01-23 00:56:00,237 ERROR [main] : Unable to fetch data
""2021-01-23 00:56:00,244 INFO  [main] : Total sum Value::60
""2021-01-23 00:56:00,246 INFO  [main] : Card Details added successfully
""2021-01-23 00:56:00,251 INFO  [main] : Total sum Value::36
""2021-01-23 00:56:00,252 ERROR [main] : Invalid input::Invalid card
""2021-01-23 11:09:57,000 INFO  [main] : Starting CardControllerTest using Java 15.0.1 on LAPTOP-2R652NNJ with PID 22964 (started by vinee in C:\Vineet\workspace\CardRepo)
""2021-01-23 11:09:57,003 INFO  [main] : No active profile set, falling back to default profiles: default
""2021-01-23 11:10:01,183 INFO  [main] : Started CardControllerTest in 4.558 seconds (JVM running for 5.732)
""2021-01-23 11:10:01,443 INFO  [main] : Inside getAll service call
""2021-01-23 11:10:16,057 INFO  [main] : Starting CardControllerTest using Java 15.0.1 on LAPTOP-2R652NNJ with PID 1624 (started by vinee in C:\Vineet\workspace\CardRepo)
""2021-01-23 11:10:16,060 INFO  [main] : No active profile set, falling back to default profiles: default
""2021-01-23 11:10:20,145 INFO  [main] : Started CardControllerTest in 4.41 seconds (JVM running for 5.655)
""2021-01-23 11:10:20,305 INFO  [main] : Inside getAll service call
""2021-01-23 11:11:08,706 INFO  [main] : Starting CardControllerTest using Java 15.0.1 on LAPTOP-2R652NNJ with PID 4692 (started by vinee in C:\Vineet\workspace\CardRepo)
""2021-01-23 11:11:08,709 INFO  [main] : No active profile set, falling back to default profiles: default
""2021-01-23 11:11:12,018 INFO  [main] : Started CardControllerTest in 3.628 seconds (JVM running for 4.821)
""2021-01-23 11:11:23,232 INFO  [main] : Starting CardControllerTest using Java 15.0.1 on LAPTOP-2R652NNJ with PID 12824 (started by vinee in C:\Vineet\workspace\CardRepo)
""2021-01-23 11:11:23,236 INFO  [main] : No active profile set, falling back to default profiles: default
""2021-01-23 11:11:26,576 INFO  [main] : Started CardControllerTest in 3.641 seconds (JVM running for 4.628)
""2021-01-23 11:11:26,748 INFO  [main] : Inside getAll service call
""2021-01-23 11:12:21,596 INFO  [main] : Starting CardControllerTest using Java 15.0.1 on LAPTOP-2R652NNJ with PID 7240 (started by vinee in C:\Vineet\workspace\CardRepo)
""2021-01-23 11:12:21,598 INFO  [main] : No active profile set, falling back to default profiles: default
""2021-01-23 11:12:24,951 INFO  [main] : Started CardControllerTest in 3.69 seconds (JVM running for 4.653)
""2021-01-23 11:12:25,095 INFO  [main] : Inside getAll service call
""2021-01-23 11:12:46,200 INFO  [main] : Starting CardControllerTest using Java 15.0.1 on LAPTOP-2R652NNJ with PID 23356 (started by vinee in C:\Vineet\workspace\CardRepo)
""2021-01-23 11:12:46,203 INFO  [main] : No active profile set, falling back to default profiles: default
""2021-01-23 11:12:50,670 INFO  [main] : Started CardControllerTest in 4.844 seconds (JVM running for 6.233)
""2021-01-23 11:13:39,413 INFO  [main] : Starting CardControllerTest using Java 15.0.1 on LAPTOP-2R652NNJ with PID 22768 (started by vinee in C:\Vineet\workspace\CardRepo)
""2021-01-23 11:13:39,415 INFO  [main] : No active profile set, falling back to default profiles: default
""2021-01-23 11:13:42,764 INFO  [main] : Started CardControllerTest in 3.666 seconds (JVM running for 4.593)
""2021-01-23 11:13:42,930 INFO  [main] : Inside getAll service call
""2021-01-23 11:18:04,944 INFO  [main] : Starting CardControllerTest using Java 15.0.1 on LAPTOP-2R652NNJ with PID 18452 (started by vinee in C:\Vineet\workspace\CardRepo)
""2021-01-23 11:18:04,947 INFO  [main] : No active profile set, falling back to default profiles: default
""2021-01-23 11:18:08,232 INFO  [main] : Started CardControllerTest in 3.568 seconds (JVM running for 4.542)
""2021-01-23 11:18:08,485 INFO  [main] : Add Card Request::CardDetailRequest(name=Vineet, cardNumber=1111222233334444, limitAmt=100.00, userId=vx)
""2021-01-23 11:18:08,488 INFO  [main] : Total sum Value::60
""2021-01-23 11:18:08,490 INFO  [main] : Card Details added successfully
""2021-01-23 11:19:44,288 INFO  [main] : Starting CardControllerTest using Java 15.0.1 on LAPTOP-2R652NNJ with PID 19932 (started by vinee in C:\Vineet\workspace\CardRepo)
""2021-01-23 11:19:44,290 INFO  [main] : No active profile set, falling back to default profiles: default
""2021-01-23 11:19:47,776 INFO  [main] : Started CardControllerTest in 3.774 seconds (JVM running for 4.702)
""2021-01-23 11:19:47,967 INFO  [main] : Inside getAll service call
""2021-01-23 11:19:48,204 INFO  [main] : Add Card Request::CardDetailRequest(name=Vineet, cardNumber=11112222QQQQ4444, limitAmt=100.00, userId=vx)
""2021-01-23 11:19:48,205 ERROR [main] : Invalid input::Invalid input data
""2021-01-23 11:19:48,241 INFO  [main] : Add Card Request::CardDetailRequest(name=Vineet, cardNumber=1111222233334444, limitAmt=100.00, userId=vx)
""2021-01-23 11:19:48,243 INFO  [main] : Total sum Value::60
""2021-01-23 11:19:48,246 INFO  [main] : Card Details added successfully
""2021-01-23 11:22:03,480 INFO  [main] : Starting CardControllerTest using Java 15.0.1 on LAPTOP-2R652NNJ with PID 5224 (started by vinee in C:\Vineet\workspace\CardRepo)
""2021-01-23 11:22:03,483 INFO  [main] : No active profile set, falling back to default profiles: default
""2021-01-23 11:22:06,829 INFO  [main] : Started CardControllerTest in 3.624 seconds (JVM running for 4.566)
""2021-01-23 11:22:07,059 INFO  [main] : Add Card Request::CardDetailRequest(name=Vineet, cardNumber=11112222QQQQ4444, limitAmt=100.00, userId=vx)
""2021-01-23 11:22:07,060 ERROR [main] : Invalid input::Invalid input data
""2021-01-23 11:22:07,178 INFO  [main] : Inside getAll service call
""2021-01-23 11:22:07,229 INFO  [main] : Add Card Request::CardDetailRequest(name=Vineet, cardNumber=1111222255554444, limitAmt=100.00, userId=vx)
""2021-01-23 11:22:07,231 INFO  [main] : Total sum Value::54
""2021-01-23 11:22:07,231 ERROR [main] : Invalid input::Invalid card
""2021-01-23 11:22:07,268 INFO  [main] : Add Card Request::CardDetailRequest(name=Vineet, cardNumber=1111222233334444, limitAmt=100.00, userId=vx)
""2021-01-23 11:22:07,268 INFO  [main] : Total sum Value::60
""2021-01-23 11:22:07,269 INFO  [main] : Card Details added successfully
""2021-01-23 11:28:04,382 INFO  [main] : Starting CardControllerTest using Java 15.0.1 on LAPTOP-2R652NNJ with PID 16828 (started by vinee in C:\Vineet\workspace\CardRepo)
""2021-01-23 11:28:04,385 INFO  [main] : No active profile set, falling back to default profiles: default
""2021-01-23 11:28:07,683 INFO  [main] : Started CardControllerTest in 3.59 seconds (JVM running for 4.498)
""2021-01-23 11:28:07,859 INFO  [main] : Inside getAll service call
""2021-01-23 11:28:52,046 INFO  [main] : Starting CardControllerTest using Java 15.0.1 on LAPTOP-2R652NNJ with PID 22688 (started by vinee in C:\Vineet\workspace\CardRepo)
""2021-01-23 11:28:52,049 INFO  [main] : No active profile set, falling back to default profiles: default
""2021-01-23 11:28:55,359 INFO  [main] : Started CardControllerTest in 3.621 seconds (JVM running for 4.572)
""2021-01-23 11:28:55,504 INFO  [main] : Inside getAll service call
""2021-01-23 11:29:27,322 INFO  [main] : Starting CardControllerTest using Java 15.0.1 on LAPTOP-2R652NNJ with PID 16548 (started by vinee in C:\Vineet\workspace\CardRepo)
""2021-01-23 11:29:27,324 INFO  [main] : No active profile set, falling back to default profiles: default
""2021-01-23 11:29:30,687 INFO  [main] : Started CardControllerTest in 3.652 seconds (JVM running for 4.524)
""2021-01-23 11:29:30,870 INFO  [main] : Inside getAll service call
""2021-01-23 11:45:55,980 INFO  [main] : Starting CardApplicationTest using Java 15.0.1 on LAPTOP-2R652NNJ with PID 6660 (started by vinee in C:\Vineet\workspace\CardRepo)
""2021-01-23 11:45:55,983 INFO  [main] : No active profile set, falling back to default profiles: default
""2021-01-23 11:45:59,361 INFO  [main] : Started CardApplicationTest in 3.648 seconds (JVM running for 4.663)
""2021-01-23 11:45:59,684 INFO  [main] : Starting CardDetailsRepositoryTest using Java 15.0.1 on LAPTOP-2R652NNJ with PID 6660 (started by vinee in C:\Vineet\workspace\CardRepo)
""2021-01-23 11:45:59,685 INFO  [main] : No active profile set, falling back to default profiles: default
""2021-01-23 11:46:00,047 INFO  [main] : Started CardDetailsRepositoryTest in 0.39 seconds (JVM running for 5.349)
""2021-01-23 11:46:00,309 INFO  [main] : Starting CardControllerTest using Java 15.0.1 on LAPTOP-2R652NNJ with PID 6660 (started by vinee in C:\Vineet\workspace\CardRepo)
""2021-01-23 11:46:00,310 INFO  [main] : No active profile set, falling back to default profiles: default
""2021-01-23 11:46:01,193 INFO  [main] : Started CardControllerTest in 0.904 seconds (JVM running for 6.495)
""2021-01-23 11:46:01,281 INFO  [main] : Add Card Request::CardDetailRequest(name=Vineet, cardNumber=11112222QQQQ4444, limitAmt=100.00, userId=vx)
""2021-01-23 11:46:01,281 ERROR [main] : Invalid input::Invalid input data
""2021-01-23 11:46:01,361 INFO  [main] : Inside getAll service call
""2021-01-23 11:46:01,386 INFO  [main] : Add Card Request::CardDetailRequest(name=Vineet, cardNumber=1111222255554444, limitAmt=100.00, userId=vx)
""2021-01-23 11:46:01,388 INFO  [main] : Total sum Value::54
""2021-01-23 11:46:01,389 ERROR [main] : Invalid input::Invalid card
""2021-01-23 11:46:01,414 INFO  [main] : Add Card Request::CardDetailRequest(name=Vineet, cardNumber=1111222233334444, limitAmt=100.00, userId=vx)
""2021-01-23 11:46:01,415 INFO  [main] : Total sum Value::60
""2021-01-23 11:46:01,417 INFO  [main] : Card Details added successfully
""2021-01-23 11:46:01,440 INFO  [main] : Inside getAll service call
""2021-01-23 11:46:01,495 INFO  [main] : Total sum Value::60
""2021-01-23 11:46:01,496 INFO  [main] : Total sum Value::27
""2021-01-23 11:46:01,542 INFO  [main] : Starting CreditCardServiceTest using Java 15.0.1 on LAPTOP-2R652NNJ with PID 6660 (started by vinee in C:\Vineet\workspace\CardRepo)
""2021-01-23 11:46:01,543 INFO  [main] : No active profile set, falling back to default profiles: default
""2021-01-23 11:46:01,845 INFO  [main] : Started CreditCardServiceTest in 0.328 seconds (JVM running for 7.148)
""2021-01-23 11:46:01,858 ERROR [main] : Unable to fetch data
""2021-01-23 11:46:01,868 INFO  [main] : Total sum Value::60
""2021-01-23 11:46:01,869 INFO  [main] : Card Details added successfully
""2021-01-23 11:46:01,877 INFO  [main] : Total sum Value::36
""2021-01-23 11:46:01,878 ERROR [main] : Invalid input::Invalid card
""2021-01-23 12:15:38,335 INFO  [main] : Starting CardApplicationTest using Java 15.0.1 on LAPTOP-2R652NNJ with PID 10684 (started by vinee in C:\Vineet\workspace\CardRepo)
""2021-01-23 12:15:38,339 INFO  [main] : No active profile set, falling back to default profiles: default
""2021-01-23 12:15:41,972 INFO  [main] : Started CardApplicationTest in 3.911 seconds (JVM running for 4.929)
""2021-01-23 12:15:42,255 INFO  [main] : Starting CardDetailsRepositoryTest using Java 15.0.1 on LAPTOP-2R652NNJ with PID 10684 (started by vinee in C:\Vineet\workspace\CardRepo)
""2021-01-23 12:15:42,256 INFO  [main] : No active profile set, falling back to default profiles: default
""2021-01-23 12:15:42,617 INFO  [main] : Started CardDetailsRepositoryTest in 0.389 seconds (JVM running for 5.575)
""2021-01-23 12:15:42,890 INFO  [main] : Starting CardControllerTest using Java 15.0.1 on LAPTOP-2R652NNJ with PID 10684 (started by vinee in C:\Vineet\workspace\CardRepo)
""2021-01-23 12:15:42,891 INFO  [main] : No active profile set, falling back to default profiles: default
""2021-01-23 12:15:43,725 INFO  [main] : Started CardControllerTest in 0.853 seconds (JVM running for 6.682)
""2021-01-23 12:15:43,828 INFO  [main] : Add Card Request::CardDetailRequest(name=Vineet, cardNumber=11112222QQQQ4444, limitAmt=100.00, userId=vx)
""2021-01-23 12:15:43,828 ERROR [main] : Invalid input::Invalid input data
""2021-01-23 12:15:43,913 INFO  [main] : Inside getAll service call
""2021-01-23 12:15:43,938 INFO  [main] : Add Card Request::CardDetailRequest(name=Vineet, cardNumber=1111222255554444, limitAmt=100.00, userId=vx)
""2021-01-23 12:15:43,940 INFO  [main] : Total sum Value::54
""2021-01-23 12:15:43,940 ERROR [main] : Invalid input::Invalid card
""2021-01-23 12:15:43,963 INFO  [main] : Add Card Request::CardDetailRequest(name=Vineet, cardNumber=1111222233334444, limitAmt=100.00, userId=vx)
""2021-01-23 12:15:43,964 INFO  [main] : Total sum Value::60
""2021-01-23 12:15:43,965 INFO  [main] : Card Details added successfully
""2021-01-23 12:15:43,984 INFO  [main] : Inside getAll service call
""2021-01-23 12:15:44,034 INFO  [main] : Total sum Value::60
""2021-01-23 12:15:44,036 INFO  [main] : Total sum Value::27
""2021-01-23 12:15:44,067 INFO  [main] : Starting CreditCardServiceTest using Java 15.0.1 on LAPTOP-2R652NNJ with PID 10684 (started by vinee in C:\Vineet\workspace\CardRepo)
""2021-01-23 12:15:44,068 INFO  [main] : No active profile set, falling back to default profiles: default
""2021-01-23 12:15:44,381 INFO  [main] : Started CreditCardServiceTest in 0.328 seconds (JVM running for 7.338)
""2021-01-23 12:15:44,388 ERROR [main] : Unable to fetch data
""2021-01-23 12:15:44,395 INFO  [main] : Total sum Value::60
""2021-01-23 12:15:44,395 INFO  [main] : Card Details added successfully
""2021-01-23 12:15:44,400 INFO  [main] : Total sum Value::36
""2021-01-23 12:15:44,400 ERROR [main] : Invalid input::Invalid card
""2021-01-23 12:18:41,176 INFO  [main] : Starting CardApplicationTest using Java 15.0.1 on LAPTOP-2R652NNJ with PID 22940 (started by vinee in C:\Vineet\workspace\CardRepo)
""2021-01-23 12:18:41,179 INFO  [main] : No active profile set, falling back to default profiles: default
""2021-01-23 12:18:44,496 INFO  [main] : Started CardApplicationTest in 3.585 seconds (JVM running for 4.601)
""2021-01-23 12:18:44,808 INFO  [main] : Starting CardDetailsRepositoryTest using Java 15.0.1 on LAPTOP-2R652NNJ with PID 22940 (started by vinee in C:\Vineet\workspace\CardRepo)
""2021-01-23 12:18:44,809 INFO  [main] : No active profile set, falling back to default profiles: default
""2021-01-23 12:18:45,171 INFO  [main] : Started CardDetailsRepositoryTest in 0.397 seconds (JVM running for 5.275)
""2021-01-23 12:18:45,399 INFO  [main] : Starting CardControllerTest using Java 15.0.1 on LAPTOP-2R652NNJ with PID 22940 (started by vinee in C:\Vineet\workspace\CardRepo)
""2021-01-23 12:18:45,400 INFO  [main] : No active profile set, falling back to default profiles: default
""2021-01-23 12:18:46,278 INFO  [main] : Started CardControllerTest in 0.899 seconds (JVM running for 6.383)
""2021-01-23 12:18:46,377 INFO  [main] : Add Card Request::CardDetailRequest(name=Vineet, cardNumber=11112222QQQQ4444, limitAmt=100.00, userId=vx)
""2021-01-23 12:18:46,378 ERROR [main] : Invalid input::Invalid input data
""2021-01-23 12:18:46,473 INFO  [main] : Inside getAll service call
""2021-01-23 12:18:46,498 INFO  [main] : Add Card Request::CardDetailRequest(name=Vineet, cardNumber=1111222255554444, limitAmt=100.00, userId=vx)
""2021-01-23 12:18:46,500 INFO  [main] : Total sum Value::54
""2021-01-23 12:18:46,501 ERROR [main] : Invalid input::Invalid card
""2021-01-23 12:18:46,531 INFO  [main] : Add Card Request::CardDetailRequest(name=Vineet, cardNumber=1111222233334444, limitAmt=100.00, userId=vx)
""2021-01-23 12:18:46,531 INFO  [main] : Total sum Value::60
""2021-01-23 12:18:46,533 INFO  [main] : Card Details added successfully
""2021-01-23 12:18:46,562 INFO  [main] : Inside getAll service call
""2021-01-23 12:18:46,618 INFO  [main] : Total sum Value::60
""2021-01-23 12:18:46,620 INFO  [main] : Total sum Value::27
""2021-01-23 12:18:46,660 INFO  [main] : Starting CreditCardServiceTest using Java 15.0.1 on LAPTOP-2R652NNJ with PID 22940 (started by vinee in C:\Vineet\workspace\CardRepo)
""2021-01-23 12:18:46,661 INFO  [main] : No active profile set, falling back to default profiles: default
""2021-01-23 12:18:46,968 INFO  [main] : Started CreditCardServiceTest in 0.329 seconds (JVM running for 7.073)
""2021-01-23 12:18:46,974 ERROR [main] : Unable to fetch data
""2021-01-23 12:18:46,979 INFO  [main] : Total sum Value::60
""2021-01-23 12:18:46,980 INFO  [main] : Card Details added successfully
""2021-01-23 12:18:46,983 INFO  [main] : Total sum Value::36
""2021-01-23 12:18:46,983 ERROR [main] : Invalid input::Invalid card
""2021-01-23 12:35:15,781 INFO  [main] : Starting CardApplicationDocumentation using Java 15.0.1 on LAPTOP-2R652NNJ with PID 22452 (started by vinee in C:\Vineet\workspace\CardRepo)
""2021-01-23 12:35:15,784 INFO  [main] : No active profile set, falling back to default profiles: default
""2021-01-23 12:35:19,430 INFO  [main] : Started CardApplicationDocumentation in 3.989 seconds (JVM running for 5.078)
""2021-01-23 12:35:19,724 INFO  [main] : Add Card Request::CardDetailRequest(name=Vineet, cardNumber=11112222QQQQ4444, limitAmt=100.00, userId=vx)
""2021-01-23 12:35:19,724 ERROR [main] : Invalid input::Invalid input data
""2021-01-23 12:35:19,841 INFO  [main] : Inside getAll service call
""2021-01-23 12:35:19,879 INFO  [main] : Add Card Request::CardDetailRequest(name=Vineet, cardNumber=1111222255554444, limitAmt=100.00, userId=vx)
""2021-01-23 12:35:19,882 INFO  [main] : Total sum Value::54
""2021-01-23 12:35:19,882 ERROR [main] : Invalid input::Invalid card
""2021-01-23 12:35:19,919 INFO  [main] : Add Card Request::CardDetailRequest(name=Vineet, cardNumber=1111222233334444, limitAmt=100.00, userId=vx)
""2021-01-23 12:35:19,919 INFO  [main] : Total sum Value::60
""2021-01-23 12:35:19,921 INFO  [main] : Card Details added successfully
""2021-01-23 12:35:19,951 INFO  [main] : Inside getAll service call
"